[debug] [2026-03-18T16:47:17.675Z] ----------------------------------------------------------------------
[debug] [2026-03-18T16:47:17.676Z] Command:       /usr/bin/node /home/bladina/.npm-global/bin/firebase deploy --debug
[debug] [2026-03-18T16:47:17.677Z] CLI Version:   15.10.0
[debug] [2026-03-18T16:47:17.677Z] Platform:      linux
[debug] [2026-03-18T16:47:17.677Z] Node Version:  v22.22.1
[debug] [2026-03-18T16:47:17.677Z] Time:          Wed Mar 18 2026 18:47:17 GMT+0200 (Eastern European Standard Time)
[debug] [2026-03-18T16:47:17.677Z] ----------------------------------------------------------------------
[debug] 
[debug] [2026-03-18T16:47:18.210Z] > command requires scopes: ["email","openid","https://www.googleapis.com/auth/cloudplatformprojects.readonly","https://www.googleapis.com/auth/firebase","https://www.googleapis.com/auth/cloud-platform"]
[debug] [2026-03-18T16:47:18.210Z] > authorizing via signed-in user (dfw.connect0@gmail.com)
[debug] [2026-03-18T16:47:18.210Z] [iam] checking project zooldfw-670da for permissions ["firebase.projects.get","firebasehosting.sites.update"]
[debug] [2026-03-18T16:47:18.211Z] Checked if tokens are valid: true, expires at: 1773855891346
[debug] [2026-03-18T16:47:18.211Z] Checked if tokens are valid: true, expires at: 1773855891346
[debug] [2026-03-18T16:47:18.212Z] >>> [apiv2][query] POST https://cloudresourcemanager.googleapis.com/v1/projects/zooldfw-670da:testIamPermissions [none]
[debug] [2026-03-18T16:47:18.212Z] >>> [apiv2][(partial)header] POST https://cloudresourcemanager.googleapis.com/v1/projects/zooldfw-670da:testIamPermissions  x-goog-user-project=zooldfw-670da
[debug] [2026-03-18T16:47:18.212Z] >>> [apiv2][body] POST https://cloudresourcemanager.googleapis.com/v1/projects/zooldfw-670da:testIamPermissions {"permissions":["firebase.projects.get","firebasehosting.sites.update"]}
[debug] [2026-03-18T16:47:19.054Z] <<< [apiv2][status] POST https://cloudresourcemanager.googleapis.com/v1/projects/zooldfw-670da:testIamPermissions 200
[debug] [2026-03-18T16:47:19.054Z] <<< [apiv2][body] POST https://cloudresourcemanager.googleapis.com/v1/projects/zooldfw-670da:testIamPermissions {"permissions":["firebase.projects.get","firebasehosting.sites.update"]}
[debug] [2026-03-18T16:47:19.054Z] Checked if tokens are valid: true, expires at: 1773855891346
[debug] [2026-03-18T16:47:19.054Z] Checked if tokens are valid: true, expires at: 1773855891346
[debug] [2026-03-18T16:47:19.054Z] >>> [apiv2][query] GET https://firebase.googleapis.com/v1beta1/projects/zooldfw-670da [none]
[debug] [2026-03-18T16:47:19.560Z] <<< [apiv2][status] GET https://firebase.googleapis.com/v1beta1/projects/zooldfw-670da 200
[debug] [2026-03-18T16:47:19.560Z] <<< [apiv2][body] GET https://firebase.googleapis.com/v1beta1/projects/zooldfw-670da {"projectId":"zooldfw-670da","projectNumber":"758153016161","displayName":"Zooldfw","name":"projects/zooldfw-670da","resources":{"hostingSite":"zooldfw-670da"},"state":"ACTIVE","etag":"1_ee8a8f7a-31ce-4d62-b6c4-6c8e5d5a8422"}
[info] 
[info] === Deploying to 'zooldfw-670da'...
[info] 
[info] i  deploying hosting 
[debug] [2026-03-18T16:47:19.562Z] Checked if tokens are valid: true, expires at: 1773855891346
[debug] [2026-03-18T16:47:19.563Z] Checked if tokens are valid: true, expires at: 1773855891346
[debug] [2026-03-18T16:47:19.563Z] >>> [apiv2][query] POST https://firebasehosting.googleapis.com/v1beta1/projects/-/sites/zooldfw-670da/versions [none]
[debug] [2026-03-18T16:47:19.563Z] >>> [apiv2][body] POST https://firebasehosting.googleapis.com/v1beta1/projects/-/sites/zooldfw-670da/versions {"status":"CREATED","labels":{"deployment-tool":"cli-firebase"}}
[debug] [2026-03-18T16:47:21.192Z] <<< [apiv2][status] POST https://firebasehosting.googleapis.com/v1beta1/projects/-/sites/zooldfw-670da/versions 200
[debug] [2026-03-18T16:47:21.192Z] <<< [apiv2][body] POST https://firebasehosting.googleapis.com/v1beta1/projects/-/sites/zooldfw-670da/versions {"name":"projects/758153016161/sites/zooldfw-670da/versions/bf33b6db6cfa2f26","status":"CREATED","config":{},"labels":{"deployment-tool":"cli-firebase"}}
[info] i  hosting[zooldfw-670da]: beginning deploy... 
[info] i  hosting[zooldfw-670da]: found 86 files in . 
[debug] [2026-03-18T16:47:21.210Z] [hosting] uploading with 200 concurrency
[debug] [2026-03-18T16:47:21.212Z] Checked if tokens are valid: true, expires at: 1773855891346
[debug] [2026-03-18T16:47:21.212Z] Checked if tokens are valid: true, expires at: 1773855891346
[debug] [2026-03-18T16:47:21.212Z] [hosting] hash cache [] stored for 86 files
[debug] [2026-03-18T16:47:21.212Z] [hosting][hash queue][FINAL] {"max":1,"min":0,"avg":0.061847738627659764,"active":0,"complete":86,"success":86,"errored":0,"retried":0,"total":86,"elapsed":2}
[debug] [2026-03-18T16:47:21.213Z] >>> [apiv2][query] POST https://firebasehosting.googleapis.com/v1beta1/projects/758153016161/sites/zooldfw-670da/versions/bf33b6db6cfa2f26:populateFiles [none]
[debug] [2026-03-18T16:47:21.213Z] >>> [apiv2][body] POST https://firebasehosting.googleapis.com/v1beta1/projects/758153016161/sites/zooldfw-670da/versions/bf33b6db6cfa2f26:populateFiles {"files":{"/style.css":"0148f00c57364c51c32aba70c2f24a273c785bf9e3c0957f46aac7bfda62eaea","/script.js":"dec89812c8c4496237b5ee49f4fbc1fac965e3184831fa78bef3a809628ea233","/logo.png":"730a7d994c0aac47f48e24336e7b6876ccf60c834ee7856d168eda5fe4e6af87","/index.html":"57899bb0658519fb3f8eb3de6daf07a7adc2775556f36c64dfe89c9eb435783a","/ad.jpeg":"031b805c1a91750d5c6df6d2cce6fb154b0e51bc889270cc241b9033603f02b9","/404.html":"6537619fa0edb6a05c3fa83265461172fea2307ecff34424f323310c8c8eb4be","/images/laptop-9-2.webp":"e3ee4dde3ab6cfc954092975c7ce47427edd2bbb1cca9f2052019b658958debc","/images/laptop-9-1.webp":"aad75db668aee1b85bedfe70b146b1260227ec0516415e1d319a1013fa580073","/images/laptop-9-0.webp":"3a73cfb36e591b292d2f0028316223383b8f24a043f725e6e4efd62cd835daf6","/images/laptop-8-2.webp":"507540dccaaa841166ba6574d81e26d43a24dd18735ff64dc315f5da21cbae10","/images/laptop-8-1.webp":"9b1d0456d183f86e931deb4ca54595b8594cf3a5c7c13c092dff62235ff88fd7","/images/laptop-8-0.webp":"1aac897d86ff6aea3eda01df9aeda2e4a2c4e66ca0a7bd62e8b7b131453a46f9","/images/laptop-7-3.webp":"c448c7e547b4a838393d2d31b2b65a6702671941859c7514db4e62e650b07a78","/images/laptop-7-2.webp":"1c240f11f5396fe006e9b5248be8ef5518976c58bc3ec9b87d7d7d6bfa823569","/images/laptop-7-1.webp":"5607caa41f7708cdcf196e8b6d9bd83f6b8d9c18018559d1a18d91fea2822ac1","/images/laptop-7-0.webp":"7539a547fca7cf84d99cc8e05b827f457fb5ba8468f1469790e664b6a58d05db","/images/laptop-6-2.webp":"8bbf9098741acd7ea7badf6682625c19ae3fa354d7cc94a2a27534db088c0553","/images/laptop-6-1.webp":"81120c1c53bbf283dde4e64d1b0d3a01f2459b9dfc539a836d68561c27300aa6","/images/laptop-6-0.webp":"04e433ffb00f406b2d08bddae5a918a49fa3680e75e27860372a3a8f8f775cb4","/images/laptop-5-2.webp":"212a744a135ef7a9c5d922ca585be4f7b86f26549f65ed885ed4dd0e94f63217","/images/laptop-5-1.webp":"653f0081a93b6f82fd9bfcb4648be00d13573ffe9e437be73e7b4a25d9c202dc","/images/laptop-5-0.webp":"541ff23dfd381e06209977d7643cf8585ee905d63b22addb69012cd57a60e650","/images/laptop-4-2.webp":"84490ab9b6839d2918b469f3fd18303e315de5d1284647d13c9d029f84fb6752","/images/laptop-4-1.webp":"f2848b088e3668607bb684f4d2d4382020ca9e81b4b4e09b0aa6923aae8385a1","/images/laptop-4-0.webp":"9f1f617bba171a9e7586da5b7b9d878b90cdd9b4b6f343dcda75d6d23e93a281","/images/laptop-3-2.webp":"c31fd1a86cbb6b72c59fdec05ea8cf0d29a9ff7e82d660c4d1ba70dc951a1cec","/images/laptop-3-1.webp":"678f932957369ba1c9957822305ef7e293c1f23d7ba10997982ae04c8bc847b5","/images/laptop-3-0.webp":"ca006e072a25c2ecd80b6fed9b9bfc878a3982a954343cef6242bf1020c8be84","/images/laptop-24-5.webp":"9ca330a38a2859e6317ebc1a1076a153294429f31c9ba9ed29972d2464e20c9a","/images/laptop-24-4.webp":"d00991b2fc2405b6732180adfb9a7d77c4c9f67741a9783fedb87a1fb924877f","/images/laptop-24-3.webp":"5b4ab06ed501e241c8c2f80de4994ceb99d7a8384106ac9e8d8abe4cb80da81f","/images/laptop-24-2.webp":"310e1cb11e57be2145ae8d3f93eeacac0aa24c51ff2cfdcd0e55ff0e3974fb36","/images/laptop-24-1.webp":"5ba5a1728700b0bf063a48becfbcb11edd4ca6b8b32dac4138087c90d7701989","/images/laptop-24-0.webp":"22d4cfcf3e346be489a58466cba4b935711c52c8735cc48fef716966e4dfa4f4","/images/laptop-17-3.webp":"813845d26ac78115fdb83730e98de4402fdb45e60b482251a781b0b215fb2baa","/images/laptop-17-2.webp":"f93059699d2366ddbd2bdedde014af5309d41f69c86ef16bb338e5fc042b531c","/images/laptop-17-1.webp":"69673b1de92c127a83eebb34574abd1e967127bf5b8dc611a2b85f87c6418331","/images/laptop-17-0.webp":"8231785eb08eb4f933b1004240ec5ce814c0d1f5e5910982fad8c83247aa32ac","/images/laptop-16-3.webp":"6a77597ebd1079aaea563a6d1cff32f43cf87e2bfba6878e4088fea899fbdb1c","/images/laptop-16-2.webp":"85ae86e94883c66a421876a478d7f73bff26de00484b6c20052fb7dd9bbcbeef","/images/laptop-16-1.webp":"f79991687da31e50091d53cd56a42bf7e0a3dbe1492d486f99d322f38fb8ecd7","/images/laptop-16-0.webp":"a0d4ea4356bbb18d264c27fe4a78c77d998a3148f7d1e57229400d3478c24953","/images/laptop-15-2.webp":"90da44b916d8a454d37ca5debd180a3f4d0faa9ebf7ec7b1cbd2abbe86acd407","/images/laptop-15-1.webp":"7e278abce8c739abdcb839463657b451ba7ebd52e509ffb978428b0c9eb48400","/images/laptop-15-0.webp":"dd8cd0d087fb8ea6b948d5f670e12c93eb1a9084435b7ffdeceefb88d5a17604","/images/laptop-14-0.webp":"7da3f371ab9871aa07248e346b049b7a2ac60a1de051ea6f4e51c057609c45a6","/images/laptop-13-2.webp":"11423646b83d858e3fb6acbd6b38436bbfa56e90e889e72abc319b4ba812f153","/images/laptop-13-1.webp":"0f2ee7390fb0d29e612503f795c2850c1b4fa79feb0b7f20d486dfac088e2c0b","/images/laptop-13-0.webp":"07566ed31cbd29722ca67b5b57a5f5f1feb53065775fe4366814c8afe04c89ae","/images/laptop-12-2.webp":"ea1791112e3a6a75cd1b25ac6c54d1c0fdc3f6c542b21fae47763ec1a7601f90","/images/laptop-12-1.webp":"58d37c2d63a00d57649a53999675cd0e099fd645c4a164207304dc34e89f2785","/images/laptop-12-0.webp":"33441adfd18935a0ea1ecb02f6cce2e277504d80e102a25b6b872fad48009263","/images/laptop-11-2.webp":"15e4f90b1150bcc88ee1c07db7575e72bd52d6fc67a72b3f49ab558cb3a53901","/images/laptop-11-1.webp":"a96598c7f0667f23012c4fcbe414e94d6422c073845d52183fceb94bbcafa36b","/images/laptop-11-0.webp":"e77e2e9005218489d15697788846c78e03d7e8f79b435aa26385813ef91cc00d","/images/laptop-10-2.webp":"2b17a5c1ea2d0b4e86ebf1ebeac1730fa6b83a1bdbefb6f9c6c7acb91e5ea512","/images/laptop-10-1.webp":"124af38f79246b48ba7ae179abc561c3167169f53158e51526d231f61b368fd7","/images/laptop-10-0.webp":"e102ae24a2dc3527d8a228889cb6532f12f2467af07e693daedc205c2934c522","/content/laptops/manifest.json":"5cc7dea5c9b42886771076f6ed8378f2116b6f1fd05943ceef02ce5796421a59","/content/laptops/9-hp-255-g1.json":"3cc39a8457a42f5540a95f6f2be956dddbabb117d6ed1a13060b2d2ee9f56bf2","/content/laptops/8-lenovo-ideapad-z580.json":"5d9633845de00df6d532163b8ab245013bca7d65343f9aed43c35855fc2e0973","/content/laptops/7-lenovo-ideapad-100-15iby.json":"695eccd5808d952940dfa638f231d9fa049720c8032ad637c0d6de1de4866644","/content/laptops/6-asus-k55a.json":"2a942b08d11348b8bbdecfbe12217318496682393ad21c7cd016c300451a6940","/content/laptops/5-asus-f556u.json":"b61da9c7cc6fc4fabf99f4834eaeeeaec15f7b9b6742b26a5c20cd7320e6ca6b","/content/laptops/4-lenovo-thinkpad-e540.json":"bf40b2193ac6681c41743510d08ccd05c0f8cf0e4bfab1e736faffc3903122a8","/content/laptops/3-dell-latitude-e6530.json":"45665b954dad232dbb8227f1eab641e64d9346ee3753e72dd8c9b963597518af","/content/laptops/24-dell-latitude-14-rugged-extreme-7404.json":"3396e9b618e31d859de0910d1b7c17f0949d7dedc35a638629ef681efae9ac90","/content/laptops/23-lenovo-ideapad.json":"fcea8157154ad8157bd9d185cdf2b448bd8f0d38e61854233e8bce7d4ae22647","/content/laptops/22-toshiba-satellite-p55w-c5200x.json":"ba439c91710b445ee6f4b52226e6ee73eb4eec285842e47c685ef007e4a44f61","/content/laptops/21-toshiba-satellite-a665-s5170.json":"e8c5819654e6d93f292cd51c55cbaab3e16162e6df782a960d78a7c87d4c915f","/content/laptops/20-lenovo-thinkpad-t420.json":"3d81529ba8a27b126d57540e282ff3778b78f10e5414a042ab799553b3f04ff5","/content/laptops/2-toshiba-satellite-p55w-c5200x.json":"5e72d81e083c311bda9457eca011f7b8f49442276f9cdab64866d205aa5d9d35","/content/laptops/19-toshiba-satellite-l655-s5161x.json":"90518bd41e3303fb085350f64f0b21f95bfc1e6215865be655edbdd0863e1154","/content/laptops/18-toshiba-satellite-c75.json":"e35d156dfc70b28c3335fb0cad5eaa4244d3fee87a694efc51b148cb4913854e","/content/laptops/17-dell-inspiron-p251t.json":"6bc5380c881ac79936ea135bdb96ba4f3d4363d6c966a84438576693f58be246","/content/laptops/16-toshiba-satellite-l55.json":"155128ef1d1d0ef48b2e6e9da1c66d36618b224f75d5ddebe1db302678858666","/content/laptops/15-dell-latitude-3330.json":"82ea54a6024f1e2f4081821e55b56a1143fd17055fb22b330215c830d44c6f9a","/content/laptops/14-hp-pavilion-17-f001dx.json":"c6376280df8083c66af72cf148790b9dc0d24f276a148d257f1eb81ad01ad24c","/content/laptops/13-lenovo-ideapad-100s-11iby.json":"c7588a73041d428446ef06a8f8c2b11afc3d99f6da8d162c8fa22c5b36253111","/content/laptops/12-lenovo-b50-45.json":"26e72296fda2c367978cd983dd2db453b8310bea7196fbd290b36fc45ebbd139","/content/laptops/11-hp-15-f010dx.json":"019d55a5a521d1a180a97e7d4502356f3e9824a45da459d954d774a195bc86fc","/content/laptops/10-dell-inspiron-3531.json":"55fcc3010332fdaab3432ddda2caa9da9ebce73c079e49c7c47270720e5de14c","/content/laptops/1-hp-zbook-17-g3.json":"0060a784ed6727162cd9f97f17a9a847174eff29cd961789d515d0e784e532c0","/admin/index.html":"19fac5175aaeb46019f0784cfc3a5f70e44b44c64f10f267007fbf19eaa1005c","/admin/config.yml":"21bc492b9f143f7c9d55dfe749e0940632e6c1c1c1181eb137c5bc1aed977166","/.firebase/logs/vsce-debug.log":"c14379002c58d8213e6855e03271149e78c038b0ef7f32780336969a3e987f86"}}
[debug] [2026-03-18T16:47:22.173Z] <<< [apiv2][status] POST https://firebasehosting.googleapis.com/v1beta1/projects/758153016161/sites/zooldfw-670da/versions/bf33b6db6cfa2f26:populateFiles 200
[debug] [2026-03-18T16:47:22.173Z] <<< [apiv2][body] POST https://firebasehosting.googleapis.com/v1beta1/projects/758153016161/sites/zooldfw-670da/versions/bf33b6db6cfa2f26:populateFiles {"uploadUrl":"https://upload-firebasehosting.googleapis.com/upload/sites/zooldfw-670da/versions/bf33b6db6cfa2f26/files"}
[debug] [2026-03-18T16:47:22.174Z] [hosting][populate queue][FINAL] {"max":962,"min":962,"avg":962,"active":0,"complete":1,"success":1,"errored":0,"retried":0,"total":1,"elapsed":962}
[debug] [2026-03-18T16:47:22.174Z] [hosting] uploads queued: 0
[debug] [2026-03-18T16:47:22.174Z] [hosting][upload queue][FINAL] {"max":0,"min":9999999999,"avg":0,"active":0,"complete":0,"success":0,"errored":0,"retried":0,"total":0,"elapsed":1773852442174}
[info] i  hosting: upload complete 
[info] ✔  hosting[zooldfw-670da]: file upload complete 
[debug] [2026-03-18T16:47:22.174Z] [hosting] deploy completed after 980ms
[debug] [2026-03-18T16:47:22.174Z] [
  {
    "config": {
      "public": ".",
      "ignore": [
        "firebase.json",
        ".firebaserc",
        "**/.*",
        ".venv/**",
        ".git/**",
        "**/node_modules/**",
        "**/*.py",
        "**/*.pyc",
        "**/*.md",
        "**/*.docx",
        "**/*.sh",
        "DEVELOPER.md"
      ],
      "site": "zooldfw-670da"
    },
    "version": "projects/758153016161/sites/zooldfw-670da/versions/bf33b6db6cfa2f26"
  }
]
[info] i  hosting[zooldfw-670da]: finalizing version... 
[debug] [2026-03-18T16:47:22.175Z] Checked if tokens are valid: true, expires at: 1773855891346
[debug] [2026-03-18T16:47:22.175Z] Checked if tokens are valid: true, expires at: 1773855891346
[debug] [2026-03-18T16:47:22.175Z] >>> [apiv2][query] PATCH https://firebasehosting.googleapis.com/v1beta1/projects/-/sites/zooldfw-670da/versions/bf33b6db6cfa2f26 updateMask=status%2Cconfig
[debug] [2026-03-18T16:47:22.175Z] >>> [apiv2][body] PATCH https://firebasehosting.googleapis.com/v1beta1/projects/-/sites/zooldfw-670da/versions/bf33b6db6cfa2f26 {"status":"FINALIZED","config":{}}
[debug] [2026-03-18T16:47:23.608Z] <<< [apiv2][status] PATCH https://firebasehosting.googleapis.com/v1beta1/projects/-/sites/zooldfw-670da/versions/bf33b6db6cfa2f26 200
[debug] [2026-03-18T16:47:23.608Z] <<< [apiv2][body] PATCH https://firebasehosting.googleapis.com/v1beta1/projects/-/sites/zooldfw-670da/versions/bf33b6db6cfa2f26 {"name":"projects/758153016161/sites/zooldfw-670da/versions/bf33b6db6cfa2f26","status":"FINALIZED","config":{},"labels":{"deployment-tool":"cli-firebase"},"createTime":"2026-03-18T16:47:20.310198Z","createUser":{"email":"dfw.connect0@gmail.com"},"finalizeTime":"2026-03-18T16:47:23.398384Z","finalizeUser":{"email":"dfw.connect0@gmail.com"}}
[debug] [2026-03-18T16:47:23.608Z] [hosting] finalized version for zooldfw-670da:[object Object]
[info] ✔  hosting[zooldfw-670da]: version finalized 
[info] i  hosting[zooldfw-670da]: releasing new version... 
[debug] [2026-03-18T16:47:23.608Z] Checked if tokens are valid: true, expires at: 1773855891346
[debug] [2026-03-18T16:47:23.608Z] Checked if tokens are valid: true, expires at: 1773855891346
[debug] [2026-03-18T16:47:23.608Z] >>> [apiv2][query] POST https://firebasehosting.googleapis.com/v1beta1/projects/-/sites/zooldfw-670da/channels/live/releases versionName=projects%2F758153016161%2Fsites%2Fzooldfw-670da%2Fversions%2Fbf33b6db6cfa2f26
[debug] [2026-03-18T16:47:23.609Z] >>> [apiv2][body] POST https://firebasehosting.googleapis.com/v1beta1/projects/-/sites/zooldfw-670da/channels/live/releases {}
[debug] [2026-03-18T16:47:25.747Z] <<< [apiv2][status] POST https://firebasehosting.googleapis.com/v1beta1/projects/-/sites/zooldfw-670da/channels/live/releases 200
[debug] [2026-03-18T16:47:25.748Z] <<< [apiv2][body] POST https://firebasehosting.googleapis.com/v1beta1/projects/-/sites/zooldfw-670da/channels/live/releases {"name":"projects/758153016161/sites/zooldfw-670da/channels/live/releases/1773852444466000","version":{"name":"projects/758153016161/sites/zooldfw-670da/versions/bf33b6db6cfa2f26","status":"FINALIZED","config":{},"labels":{"deployment-tool":"cli-firebase"},"createTime":"2026-03-18T16:47:20.310198Z","createUser":{"email":"dfw.connect0@gmail.com","imageUrl":"https://lh3.googleusercontent.com/a/ACg8ocJbqDeA7MPWyqgHCrw8fvsBJl4htMYcfigFRIMefx9TKNoo4g=mo"},"finalizeTime":"2026-03-18T16:47:23.398384Z","finalizeUser":{"email":"dfw.connect0@gmail.com","imageUrl":"https://lh3.googleusercontent.com/a/ACg8ocJbqDeA7MPWyqgHCrw8fvsBJl4htMYcfigFRIMefx9TKNoo4g=mo"}},"type":"DEPLOY","releaseTime":"2026-03-18T16:47:24.466Z","releaseUser":{"email":"dfw.connect0@gmail.com","imageUrl":"https://lh3.googleusercontent.com/a/ACg8ocJbqDeA7MPWyqgHCrw8fvsBJl4htMYcfigFRIMefx9TKNoo4g=mo"}}
[debug] [2026-03-18T16:47:25.748Z] [hosting] release: {"name":"projects/758153016161/sites/zooldfw-670da/channels/live/releases/1773852444466000","version":{"name":"projects/758153016161/sites/zooldfw-670da/versions/bf33b6db6cfa2f26","status":"FINALIZED","config":{},"labels":{"deployment-tool":"cli-firebase"},"createTime":"2026-03-18T16:47:20.310198Z","createUser":{"email":"dfw.connect0@gmail.com","imageUrl":"https://lh3.googleusercontent.com/a/ACg8ocJbqDeA7MPWyqgHCrw8fvsBJl4htMYcfigFRIMefx9TKNoo4g=mo"},"finalizeTime":"2026-03-18T16:47:23.398384Z","finalizeUser":{"email":"dfw.connect0@gmail.com","imageUrl":"https://lh3.googleusercontent.com/a/ACg8ocJbqDeA7MPWyqgHCrw8fvsBJl4htMYcfigFRIMefx9TKNoo4g=mo"}},"type":"DEPLOY","releaseTime":"2026-03-18T16:47:24.466Z","releaseUser":{"email":"dfw.connect0@gmail.com","imageUrl":"https://lh3.googleusercontent.com/a/ACg8ocJbqDeA7MPWyqgHCrw8fvsBJl4htMYcfigFRIMefx9TKNoo4g=mo"}}
[info] ✔  hosting[zooldfw-670da]: release complete 
[info] 
[info] ✔  Deploy complete! 
[info] 
[info] Project Console: https://console.firebase.google.com/project/zooldfw-670da/overview
[info] Hosting URL: https://zooldfw-670da.web.app
