[debug] [2026-02-28T13:04:36.888Z] [Firebase Plugin] Activating Firebase extension.
[info] [Firebase Plugin] Checked firebase-tools, is up to date!
[debug] [2026-02-28T13:04:39.542Z] [Firebase Plugin] requireAuthWrapper
[debug] [2026-02-28T13:04:39.543Z] > command requires scopes: ["email","openid","https://www.googleapis.com/auth/cloudplatformprojects.readonly","https://www.googleapis.com/auth/firebase","https://www.googleapis.com/auth/cloud-platform"]
[debug] [2026-02-28T13:04:39.543Z] > authorizing via signed-in user (samimlycv@gmail.com)
[debug] [2026-02-28T13:04:39.545Z] Checked if tokens are valid: true, expires at: 1772287255822
[debug] [2026-02-28T13:04:39.545Z] Checked if tokens are valid: true, expires at: 1772287255822
[debug] [2026-02-28T13:04:39.545Z] [Firebase Plugin] User found:  samimlycv@gmail.com
[info] [Firebase Plugin] (Core:Project) New user detected, fetching projects
[debug] [2026-02-28T13:04:39.546Z] Checked if tokens are valid: true, expires at: 1772287255822
[debug] [2026-02-28T13:04:39.546Z] >>> [apiv2][query] GET https://firebase.googleapis.com/v1beta1/projects pageSize=1000
[info] [Firebase Plugin] Starting Data Connect toolkit (version 3.1.4) on port 50002
[debug] [2026-02-28T13:04:39.749Z] 'fdc build' failed with error: Unable to build your Data Connect schema and connectors (exit code 1): E0228 15:04:39.747766   48831 cmd.go:43] Error loading data connect config: could not find dataconnect.yaml in `/Users/mohamedsalah/Downloads/Gamal Tech Laptop/GemyTech-Website-AR/dataconnect`
 {"metadata":{"emulator":{"name":"dataconnect"},"message":"'fdc build' failed with error: Unable to build your Data Connect schema and connectors (exit code 1): E0228 15:04:39.747766   48831 cmd.go:43] Error loading data connect config: could not find dataconnect.yaml in `/Users/mohamedsalah/Downloads/Gamal Tech Laptop/GemyTech-Website-AR/dataconnect`\n"}}
[debug] [2026-02-28T13:04:39.749Z] Ignoring unsupported arg: auto_download {"metadata":{"emulator":{"name":"dataconnect"},"message":"Ignoring unsupported arg: auto_download"}}
[debug] [2026-02-28T13:04:39.749Z] Ignoring unsupported arg: port {"metadata":{"emulator":{"name":"dataconnect"},"message":"Ignoring unsupported arg: port"}}
[debug] [2026-02-28T13:04:39.749Z] Starting Data Connect Emulator with command {"binary":"/Users/mohamedsalah/.cache/firebase/emulators/dataconnect-emulator-3.1.4","args":["--logtostderr","-v=2","dev","--listen=localhost:50002","--config_dir=/Users/mohamedsalah/Downloads/Gamal Tech Laptop/GemyTech-Website-AR/dataconnect","--enable_output_schema_extensions=true","--enable_output_generated_sdk=true"],"optionalArgs":["listen","config_dir","enable_output_schema_extensions","enable_output_generated_sdk"],"joinArgs":true,"shell":false,"port":9399} {"metadata":{"emulator":{"name":"dataconnect"},"message":"Starting Data Connect Emulator with command {\"binary\":\"/Users/mohamedsalah/.cache/firebase/emulators/dataconnect-emulator-3.1.4\",\"args\":[\"--logtostderr\",\"-v=2\",\"dev\",\"--listen=localhost:50002\",\"--config_dir=/Users/mohamedsalah/Downloads/Gamal Tech Laptop/GemyTech-Website-AR/dataconnect\",\"--enable_output_schema_extensions=true\",\"--enable_output_generated_sdk=true\"],\"optionalArgs\":[\"listen\",\"config_dir\",\"enable_output_schema_extensions\",\"enable_output_generated_sdk\"],\"joinArgs\":true,\"shell\":false,\"port\":9399}"}}
[info] i  dataconnect: Data Connect Emulator logging to dataconnect-debug.log {"metadata":{"emulator":{"name":"dataconnect"},"message":"Data Connect Emulator logging to dataconnect-debug.log"}}
[debug] [2026-02-28T13:04:39.771Z] E0228 15:04:39.770717   48832 dev.go:83] Failed to load initial config from "/Users/mohamedsalah/Downloads/Gamal Tech Laptop/GemyTech-Website-AR/dataconnect": could not find dataconnect.yaml in `/Users/mohamedsalah/Downloads/Gamal Tech Laptop/GemyTech-Website-AR/dataconnect`
 {"metadata":{"emulator":{"name":"dataconnect"},"message":"E0228 15:04:39.770717   48832 dev.go:83] Failed to load initial config from \"/Users/mohamedsalah/Downloads/Gamal Tech Laptop/GemyTech-Website-AR/dataconnect\": could not find dataconnect.yaml in `/Users/mohamedsalah/Downloads/Gamal Tech Laptop/GemyTech-Website-AR/dataconnect`\n"}}
[debug] [2026-02-28T13:04:39.773Z] E0228 15:04:39.772721   48832 watch.go:116] watchAllDir unable to walk dir `/Users/mohamedsalah/Downloads/Gamal Tech Laptop/GemyTech-Website-AR/dataconnect`: lstat /Users/mohamedsalah/Downloads/Gamal Tech Laptop/GemyTech-Website-AR/dataconnect: no such file or directory
 {"metadata":{"emulator":{"name":"dataconnect"},"message":"E0228 15:04:39.772721   48832 watch.go:116] watchAllDir unable to walk dir `/Users/mohamedsalah/Downloads/Gamal Tech Laptop/GemyTech-Website-AR/dataconnect`: lstat /Users/mohamedsalah/Downloads/Gamal Tech Laptop/GemyTech-Website-AR/dataconnect: no such file or directory\n"}}
[debug] [2026-02-28T13:04:39.775Z] I0228 15:04:39.775070   48832 dev.go:104] Listening on address (HTTP + gRPC): 127.0.0.1:50002
 {"metadata":{"emulator":{"name":"dataconnect"},"message":"I0228 15:04:39.775070   48832 dev.go:104] Listening on address (HTTP + gRPC): 127.0.0.1:50002\n"}}
[error] [Firebase Plugin] error:  {}
[debug] [2026-02-28T13:04:41.391Z] <<< [apiv2][status] GET https://firebase.googleapis.com/v1beta1/projects 200
[debug] [2026-02-28T13:04:41.391Z] <<< [apiv2][body] GET https://firebase.googleapis.com/v1beta1/projects [omitted]
[debug] [2026-02-28T13:04:49.780Z] E0228 15:04:49.776811   48832 watch.go:40] Failed to load config from "/Users/mohamedsalah/Downloads/Gamal Tech Laptop/GemyTech-Website-AR/dataconnect": could not find dataconnect.yaml in `/Users/mohamedsalah/Downloads/Gamal Tech Laptop/GemyTech-Website-AR/dataconnect`
 {"metadata":{"emulator":{"name":"dataconnect"},"message":"E0228 15:04:49.776811   48832 watch.go:40] Failed to load config from \"/Users/mohamedsalah/Downloads/Gamal Tech Laptop/GemyTech-Website-AR/dataconnect\": could not find dataconnect.yaml in `/Users/mohamedsalah/Downloads/Gamal Tech Laptop/GemyTech-Website-AR/dataconnect`\n"}}
[debug] [2026-02-28T13:04:59.776Z] E0228 15:04:59.775054   48832 watch.go:40] Failed to load config from "/Users/mohamedsalah/Downloads/Gamal Tech Laptop/GemyTech-Website-AR/dataconnect": could not find dataconnect.yaml in `/Users/mohamedsalah/Downloads/Gamal Tech Laptop/GemyTech-Website-AR/dataconnect`
 {"metadata":{"emulator":{"name":"dataconnect"},"message":"E0228 15:04:59.775054   48832 watch.go:40] Failed to load config from \"/Users/mohamedsalah/Downloads/Gamal Tech Laptop/GemyTech-Website-AR/dataconnect\": could not find dataconnect.yaml in `/Users/mohamedsalah/Downloads/Gamal Tech Laptop/GemyTech-Website-AR/dataconnect`\n"}}
[debug] [2026-02-28T13:05:09.776Z] E0228 15:05:09.774963   48832 watch.go:40] Failed to load config from "/Users/mohamedsalah/Downloads/Gamal Tech Laptop/GemyTech-Website-AR/dataconnect": could not find dataconnect.yaml in `/Users/mohamedsalah/Downloads/Gamal Tech Laptop/GemyTech-Website-AR/dataconnect`
 {"metadata":{"emulator":{"name":"dataconnect"},"message":"E0228 15:05:09.774963   48832 watch.go:40] Failed to load config from \"/Users/mohamedsalah/Downloads/Gamal Tech Laptop/GemyTech-Website-AR/dataconnect\": could not find dataconnect.yaml in `/Users/mohamedsalah/Downloads/Gamal Tech Laptop/GemyTech-Website-AR/dataconnect`\n"}}
[debug] [2026-02-28T13:05:19.775Z] E0228 15:05:19.774317   48832 watch.go:40] Failed to load config from "/Users/mohamedsalah/Downloads/Gamal Tech Laptop/GemyTech-Website-AR/dataconnect": could not find dataconnect.yaml in `/Users/mohamedsalah/Downloads/Gamal Tech Laptop/GemyTech-Website-AR/dataconnect`
 {"metadata":{"emulator":{"name":"dataconnect"},"message":"E0228 15:05:19.774317   48832 watch.go:40] Failed to load config from \"/Users/mohamedsalah/Downloads/Gamal Tech Laptop/GemyTech-Website-AR/dataconnect\": could not find dataconnect.yaml in `/Users/mohamedsalah/Downloads/Gamal Tech Laptop/GemyTech-Website-AR/dataconnect`\n"}}
[debug] [2026-02-28T13:05:29.773Z] E0228 15:05:29.773459   48832 watch.go:40] Failed to load config from "/Users/mohamedsalah/Downloads/Gamal Tech Laptop/GemyTech-Website-AR/dataconnect": could not find dataconnect.yaml in `/Users/mohamedsalah/Downloads/Gamal Tech Laptop/GemyTech-Website-AR/dataconnect`
 {"metadata":{"emulator":{"name":"dataconnect"},"message":"E0228 15:05:29.773459   48832 watch.go:40] Failed to load config from \"/Users/mohamedsalah/Downloads/Gamal Tech Laptop/GemyTech-Website-AR/dataconnect\": could not find dataconnect.yaml in `/Users/mohamedsalah/Downloads/Gamal Tech Laptop/GemyTech-Website-AR/dataconnect`\n"}}
[debug] [2026-02-28T13:05:39.775Z] E0228 15:05:39.772982   48832 watch.go:40] Failed to load config from "/Users/mohamedsalah/Downloads/Gamal Tech Laptop/GemyTech-Website-AR/dataconnect": could not find dataconnect.yaml in `/Users/mohamedsalah/Downloads/Gamal Tech Laptop/GemyTech-Website-AR/dataconnect`
 {"metadata":{"emulator":{"name":"dataconnect"},"message":"E0228 15:05:39.772982   48832 watch.go:40] Failed to load config from \"/Users/mohamedsalah/Downloads/Gamal Tech Laptop/GemyTech-Website-AR/dataconnect\": could not find dataconnect.yaml in `/Users/mohamedsalah/Downloads/Gamal Tech Laptop/GemyTech-Website-AR/dataconnect`\n"}}
[debug] [2026-02-28T13:05:39.776Z] E0228 15:05:39.773353   48832 watch.go:116] watchAllDir unable to walk dir `/Users/mohamedsalah/Downloads/Gamal Tech Laptop/GemyTech-Website-AR/dataconnect`: lstat /Users/mohamedsalah/Downloads/Gamal Tech Laptop/GemyTech-Website-AR/dataconnect: no such file or directory
 {"metadata":{"emulator":{"name":"dataconnect"},"message":"E0228 15:05:39.773353   48832 watch.go:116] watchAllDir unable to walk dir `/Users/mohamedsalah/Downloads/Gamal Tech Laptop/GemyTech-Website-AR/dataconnect`: lstat /Users/mohamedsalah/Downloads/Gamal Tech Laptop/GemyTech-Website-AR/dataconnect: no such file or directory\n"}}
[debug] [2026-02-28T13:05:49.781Z] E0228 15:05:49.777370   48832 watch.go:40] Failed to load config from "/Users/mohamedsalah/Downloads/Gamal Tech Laptop/GemyTech-Website-AR/dataconnect": could not find dataconnect.yaml in `/Users/mohamedsalah/Downloads/Gamal Tech Laptop/GemyTech-Website-AR/dataconnect`
 {"metadata":{"emulator":{"name":"dataconnect"},"message":"E0228 15:05:49.777370   48832 watch.go:40] Failed to load config from \"/Users/mohamedsalah/Downloads/Gamal Tech Laptop/GemyTech-Website-AR/dataconnect\": could not find dataconnect.yaml in `/Users/mohamedsalah/Downloads/Gamal Tech Laptop/GemyTech-Website-AR/dataconnect`\n"}}
[debug] [2026-02-28T13:05:59.772Z] E0228 15:05:59.772037   48832 watch.go:40] Failed to load config from "/Users/mohamedsalah/Downloads/Gamal Tech Laptop/GemyTech-Website-AR/dataconnect": could not find dataconnect.yaml in `/Users/mohamedsalah/Downloads/Gamal Tech Laptop/GemyTech-Website-AR/dataconnect`
 {"metadata":{"emulator":{"name":"dataconnect"},"message":"E0228 15:05:59.772037   48832 watch.go:40] Failed to load config from \"/Users/mohamedsalah/Downloads/Gamal Tech Laptop/GemyTech-Website-AR/dataconnect\": could not find dataconnect.yaml in `/Users/mohamedsalah/Downloads/Gamal Tech Laptop/GemyTech-Website-AR/dataconnect`\n"}}
[debug] [2026-02-28T13:06:09.772Z] E0228 15:06:09.771648   48832 watch.go:40] Failed to load config from "/Users/mohamedsalah/Downloads/Gamal Tech Laptop/GemyTech-Website-AR/dataconnect": could not find dataconnect.yaml in `/Users/mohamedsalah/Downloads/Gamal Tech Laptop/GemyTech-Website-AR/dataconnect`
 {"metadata":{"emulator":{"name":"dataconnect"},"message":"E0228 15:06:09.771648   48832 watch.go:40] Failed to load config from \"/Users/mohamedsalah/Downloads/Gamal Tech Laptop/GemyTech-Website-AR/dataconnect\": could not find dataconnect.yaml in `/Users/mohamedsalah/Downloads/Gamal Tech Laptop/GemyTech-Website-AR/dataconnect`\n"}}
[debug] [2026-02-28T13:06:19.772Z] E0228 15:06:19.771908   48832 watch.go:40] Failed to load config from "/Users/mohamedsalah/Downloads/Gamal Tech Laptop/GemyTech-Website-AR/dataconnect": could not find dataconnect.yaml in `/Users/mohamedsalah/Downloads/Gamal Tech Laptop/GemyTech-Website-AR/dataconnect`
 {"metadata":{"emulator":{"name":"dataconnect"},"message":"E0228 15:06:19.771908   48832 watch.go:40] Failed to load config from \"/Users/mohamedsalah/Downloads/Gamal Tech Laptop/GemyTech-Website-AR/dataconnect\": could not find dataconnect.yaml in `/Users/mohamedsalah/Downloads/Gamal Tech Laptop/GemyTech-Website-AR/dataconnect`\n"}}
[debug] [2026-02-28T13:06:29.771Z] E0228 15:06:29.770908   48832 watch.go:40] Failed to load config from "/Users/mohamedsalah/Downloads/Gamal Tech Laptop/GemyTech-Website-AR/dataconnect": could not find dataconnect.yaml in `/Users/mohamedsalah/Downloads/Gamal Tech Laptop/GemyTech-Website-AR/dataconnect`
 {"metadata":{"emulator":{"name":"dataconnect"},"message":"E0228 15:06:29.770908   48832 watch.go:40] Failed to load config from \"/Users/mohamedsalah/Downloads/Gamal Tech Laptop/GemyTech-Website-AR/dataconnect\": could not find dataconnect.yaml in `/Users/mohamedsalah/Downloads/Gamal Tech Laptop/GemyTech-Website-AR/dataconnect`\n"}}
[debug] [2026-02-28T13:06:39.769Z] E0228 15:06:39.769075   48832 watch.go:40] Failed to load config from "/Users/mohamedsalah/Downloads/Gamal Tech Laptop/GemyTech-Website-AR/dataconnect": could not find dataconnect.yaml in `/Users/mohamedsalah/Downloads/Gamal Tech Laptop/GemyTech-Website-AR/dataconnect`
 {"metadata":{"emulator":{"name":"dataconnect"},"message":"E0228 15:06:39.769075   48832 watch.go:40] Failed to load config from \"/Users/mohamedsalah/Downloads/Gamal Tech Laptop/GemyTech-Website-AR/dataconnect\": could not find dataconnect.yaml in `/Users/mohamedsalah/Downloads/Gamal Tech Laptop/GemyTech-Website-AR/dataconnect`\n"}}
[debug] [2026-02-28T13:06:39.771Z] E0228 15:06:39.768991   48832 watch.go:116] watchAllDir unable to walk dir `/Users/mohamedsalah/Downloads/Gamal Tech Laptop/GemyTech-Website-AR/dataconnect`: lstat /Users/mohamedsalah/Downloads/Gamal Tech Laptop/GemyTech-Website-AR/dataconnect: no such file or directory
 {"metadata":{"emulator":{"name":"dataconnect"},"message":"E0228 15:06:39.768991   48832 watch.go:116] watchAllDir unable to walk dir `/Users/mohamedsalah/Downloads/Gamal Tech Laptop/GemyTech-Website-AR/dataconnect`: lstat /Users/mohamedsalah/Downloads/Gamal Tech Laptop/GemyTech-Website-AR/dataconnect: no such file or directory\n"}}
[debug] [2026-02-28T13:06:49.774Z] E0228 15:06:49.773595   48832 watch.go:40] Failed to load config from "/Users/mohamedsalah/Downloads/Gamal Tech Laptop/GemyTech-Website-AR/dataconnect": could not find dataconnect.yaml in `/Users/mohamedsalah/Downloads/Gamal Tech Laptop/GemyTech-Website-AR/dataconnect`
 {"metadata":{"emulator":{"name":"dataconnect"},"message":"E0228 15:06:49.773595   48832 watch.go:40] Failed to load config from \"/Users/mohamedsalah/Downloads/Gamal Tech Laptop/GemyTech-Website-AR/dataconnect\": could not find dataconnect.yaml in `/Users/mohamedsalah/Downloads/Gamal Tech Laptop/GemyTech-Website-AR/dataconnect`\n"}}
[debug] [2026-02-28T13:06:59.770Z] E0228 15:06:59.769984   48832 watch.go:40] Failed to load config from "/Users/mohamedsalah/Downloads/Gamal Tech Laptop/GemyTech-Website-AR/dataconnect": could not find dataconnect.yaml in `/Users/mohamedsalah/Downloads/Gamal Tech Laptop/GemyTech-Website-AR/dataconnect`
 {"metadata":{"emulator":{"name":"dataconnect"},"message":"E0228 15:06:59.769984   48832 watch.go:40] Failed to load config from \"/Users/mohamedsalah/Downloads/Gamal Tech Laptop/GemyTech-Website-AR/dataconnect\": could not find dataconnect.yaml in `/Users/mohamedsalah/Downloads/Gamal Tech Laptop/GemyTech-Website-AR/dataconnect`\n"}}
[debug] [2026-02-28T13:07:09.768Z] E0228 15:07:09.767994   48832 watch.go:40] Failed to load config from "/Users/mohamedsalah/Downloads/Gamal Tech Laptop/GemyTech-Website-AR/dataconnect": could not find dataconnect.yaml in `/Users/mohamedsalah/Downloads/Gamal Tech Laptop/GemyTech-Website-AR/dataconnect`
 {"metadata":{"emulator":{"name":"dataconnect"},"message":"E0228 15:07:09.767994   48832 watch.go:40] Failed to load config from \"/Users/mohamedsalah/Downloads/Gamal Tech Laptop/GemyTech-Website-AR/dataconnect\": could not find dataconnect.yaml in `/Users/mohamedsalah/Downloads/Gamal Tech Laptop/GemyTech-Website-AR/dataconnect`\n"}}
[debug] [2026-02-28T13:07:19.768Z] E0228 15:07:19.768318   48832 watch.go:40] Failed to load config from "/Users/mohamedsalah/Downloads/Gamal Tech Laptop/GemyTech-Website-AR/dataconnect": could not find dataconnect.yaml in `/Users/mohamedsalah/Downloads/Gamal Tech Laptop/GemyTech-Website-AR/dataconnect`
 {"metadata":{"emulator":{"name":"dataconnect"},"message":"E0228 15:07:19.768318   48832 watch.go:40] Failed to load config from \"/Users/mohamedsalah/Downloads/Gamal Tech Laptop/GemyTech-Website-AR/dataconnect\": could not find dataconnect.yaml in `/Users/mohamedsalah/Downloads/Gamal Tech Laptop/GemyTech-Website-AR/dataconnect`\n"}}
[debug] [2026-02-28T13:07:29.768Z] E0228 15:07:29.767943   48832 watch.go:40] Failed to load config from "/Users/mohamedsalah/Downloads/Gamal Tech Laptop/GemyTech-Website-AR/dataconnect": could not find dataconnect.yaml in `/Users/mohamedsalah/Downloads/Gamal Tech Laptop/GemyTech-Website-AR/dataconnect`
 {"metadata":{"emulator":{"name":"dataconnect"},"message":"E0228 15:07:29.767943   48832 watch.go:40] Failed to load config from \"/Users/mohamedsalah/Downloads/Gamal Tech Laptop/GemyTech-Website-AR/dataconnect\": could not find dataconnect.yaml in `/Users/mohamedsalah/Downloads/Gamal Tech Laptop/GemyTech-Website-AR/dataconnect`\n"}}
[debug] [2026-02-28T13:07:39.767Z] E0228 15:07:39.767207   48832 watch.go:40] Failed to load config from "/Users/mohamedsalah/Downloads/Gamal Tech Laptop/GemyTech-Website-AR/dataconnect": could not find dataconnect.yaml in `/Users/mohamedsalah/Downloads/Gamal Tech Laptop/GemyTech-Website-AR/dataconnect`
 {"metadata":{"emulator":{"name":"dataconnect"},"message":"E0228 15:07:39.767207   48832 watch.go:40] Failed to load config from \"/Users/mohamedsalah/Downloads/Gamal Tech Laptop/GemyTech-Website-AR/dataconnect\": could not find dataconnect.yaml in `/Users/mohamedsalah/Downloads/Gamal Tech Laptop/GemyTech-Website-AR/dataconnect`\n"}}
[debug] [2026-02-28T13:07:39.769Z] E0228 15:07:39.766463   48832 watch.go:116] watchAllDir unable to walk dir `/Users/mohamedsalah/Downloads/Gamal Tech Laptop/GemyTech-Website-AR/dataconnect`: lstat /Users/mohamedsalah/Downloads/Gamal Tech Laptop/GemyTech-Website-AR/dataconnect: no such file or directory
 {"metadata":{"emulator":{"name":"dataconnect"},"message":"E0228 15:07:39.766463   48832 watch.go:116] watchAllDir unable to walk dir `/Users/mohamedsalah/Downloads/Gamal Tech Laptop/GemyTech-Website-AR/dataconnect`: lstat /Users/mohamedsalah/Downloads/Gamal Tech Laptop/GemyTech-Website-AR/dataconnect: no such file or directory\n"}}
[debug] [2026-02-28T13:07:49.771Z] E0228 15:07:49.771624   48832 watch.go:40] Failed to load config from "/Users/mohamedsalah/Downloads/Gamal Tech Laptop/GemyTech-Website-AR/dataconnect": could not find dataconnect.yaml in `/Users/mohamedsalah/Downloads/Gamal Tech Laptop/GemyTech-Website-AR/dataconnect`
 {"metadata":{"emulator":{"name":"dataconnect"},"message":"E0228 15:07:49.771624   48832 watch.go:40] Failed to load config from \"/Users/mohamedsalah/Downloads/Gamal Tech Laptop/GemyTech-Website-AR/dataconnect\": could not find dataconnect.yaml in `/Users/mohamedsalah/Downloads/Gamal Tech Laptop/GemyTech-Website-AR/dataconnect`\n"}}
[debug] [2026-02-28T13:07:59.768Z] E0228 15:07:59.767191   48832 watch.go:40] Failed to load config from "/Users/mohamedsalah/Downloads/Gamal Tech Laptop/GemyTech-Website-AR/dataconnect": could not find dataconnect.yaml in `/Users/mohamedsalah/Downloads/Gamal Tech Laptop/GemyTech-Website-AR/dataconnect`
 {"metadata":{"emulator":{"name":"dataconnect"},"message":"E0228 15:07:59.767191   48832 watch.go:40] Failed to load config from \"/Users/mohamedsalah/Downloads/Gamal Tech Laptop/GemyTech-Website-AR/dataconnect\": could not find dataconnect.yaml in `/Users/mohamedsalah/Downloads/Gamal Tech Laptop/GemyTech-Website-AR/dataconnect`\n"}}
[debug] [2026-02-28T13:08:09.766Z] E0228 15:08:09.766145   48832 watch.go:40] Failed to load config from "/Users/mohamedsalah/Downloads/Gamal Tech Laptop/GemyTech-Website-AR/dataconnect": could not find dataconnect.yaml in `/Users/mohamedsalah/Downloads/Gamal Tech Laptop/GemyTech-Website-AR/dataconnect`
 {"metadata":{"emulator":{"name":"dataconnect"},"message":"E0228 15:08:09.766145   48832 watch.go:40] Failed to load config from \"/Users/mohamedsalah/Downloads/Gamal Tech Laptop/GemyTech-Website-AR/dataconnect\": could not find dataconnect.yaml in `/Users/mohamedsalah/Downloads/Gamal Tech Laptop/GemyTech-Website-AR/dataconnect`\n"}}
[debug] [2026-02-28T13:08:19.772Z] E0228 15:08:19.771727   48832 watch.go:40] Failed to load config from "/Users/mohamedsalah/Downloads/Gamal Tech Laptop/GemyTech-Website-AR/dataconnect": could not find dataconnect.yaml in `/Users/mohamedsalah/Downloads/Gamal Tech Laptop/GemyTech-Website-AR/dataconnect`
 {"metadata":{"emulator":{"name":"dataconnect"},"message":"E0228 15:08:19.771727   48832 watch.go:40] Failed to load config from \"/Users/mohamedsalah/Downloads/Gamal Tech Laptop/GemyTech-Website-AR/dataconnect\": could not find dataconnect.yaml in `/Users/mohamedsalah/Downloads/Gamal Tech Laptop/GemyTech-Website-AR/dataconnect`\n"}}
[debug] [2026-02-28T13:08:29.765Z] E0228 15:08:29.764773   48832 watch.go:40] Failed to load config from "/Users/mohamedsalah/Downloads/Gamal Tech Laptop/GemyTech-Website-AR/dataconnect": could not find dataconnect.yaml in `/Users/mohamedsalah/Downloads/Gamal Tech Laptop/GemyTech-Website-AR/dataconnect`
 {"metadata":{"emulator":{"name":"dataconnect"},"message":"E0228 15:08:29.764773   48832 watch.go:40] Failed to load config from \"/Users/mohamedsalah/Downloads/Gamal Tech Laptop/GemyTech-Website-AR/dataconnect\": could not find dataconnect.yaml in `/Users/mohamedsalah/Downloads/Gamal Tech Laptop/GemyTech-Website-AR/dataconnect`\n"}}
[debug] [2026-02-28T13:08:39.767Z] E0228 15:08:39.765319   48832 watch.go:40] Failed to load config from "/Users/mohamedsalah/Downloads/Gamal Tech Laptop/GemyTech-Website-AR/dataconnect": could not find dataconnect.yaml in `/Users/mohamedsalah/Downloads/Gamal Tech Laptop/GemyTech-Website-AR/dataconnect`
 {"metadata":{"emulator":{"name":"dataconnect"},"message":"E0228 15:08:39.765319   48832 watch.go:40] Failed to load config from \"/Users/mohamedsalah/Downloads/Gamal Tech Laptop/GemyTech-Website-AR/dataconnect\": could not find dataconnect.yaml in `/Users/mohamedsalah/Downloads/Gamal Tech Laptop/GemyTech-Website-AR/dataconnect`\n"}}
[debug] [2026-02-28T13:08:39.769Z] E0228 15:08:39.765013   48832 watch.go:116] watchAllDir unable to walk dir `/Users/mohamedsalah/Downloads/Gamal Tech Laptop/GemyTech-Website-AR/dataconnect`: lstat /Users/mohamedsalah/Downloads/Gamal Tech Laptop/GemyTech-Website-AR/dataconnect: no such file or directory
 {"metadata":{"emulator":{"name":"dataconnect"},"message":"E0228 15:08:39.765013   48832 watch.go:116] watchAllDir unable to walk dir `/Users/mohamedsalah/Downloads/Gamal Tech Laptop/GemyTech-Website-AR/dataconnect`: lstat /Users/mohamedsalah/Downloads/Gamal Tech Laptop/GemyTech-Website-AR/dataconnect: no such file or directory\n"}}
[debug] [2026-02-28T13:08:49.768Z] E0228 15:08:49.765062   48832 watch.go:40] Failed to load config from "/Users/mohamedsalah/Downloads/Gamal Tech Laptop/GemyTech-Website-AR/dataconnect": could not find dataconnect.yaml in `/Users/mohamedsalah/Downloads/Gamal Tech Laptop/GemyTech-Website-AR/dataconnect`
 {"metadata":{"emulator":{"name":"dataconnect"},"message":"E0228 15:08:49.765062   48832 watch.go:40] Failed to load config from \"/Users/mohamedsalah/Downloads/Gamal Tech Laptop/GemyTech-Website-AR/dataconnect\": could not find dataconnect.yaml in `/Users/mohamedsalah/Downloads/Gamal Tech Laptop/GemyTech-Website-AR/dataconnect`\n"}}
[debug] [2026-02-28T13:08:59.783Z] E0228 15:08:59.763147   48832 watch.go:40] Failed to load config from "/Users/mohamedsalah/Downloads/Gamal Tech Laptop/GemyTech-Website-AR/dataconnect": could not find dataconnect.yaml in `/Users/mohamedsalah/Downloads/Gamal Tech Laptop/GemyTech-Website-AR/dataconnect`
 {"metadata":{"emulator":{"name":"dataconnect"},"message":"E0228 15:08:59.763147   48832 watch.go:40] Failed to load config from \"/Users/mohamedsalah/Downloads/Gamal Tech Laptop/GemyTech-Website-AR/dataconnect\": could not find dataconnect.yaml in `/Users/mohamedsalah/Downloads/Gamal Tech Laptop/GemyTech-Website-AR/dataconnect`\n"}}
[debug] [2026-02-28T13:09:09.763Z] E0228 15:09:09.762291   48832 watch.go:40] Failed to load config from "/Users/mohamedsalah/Downloads/Gamal Tech Laptop/GemyTech-Website-AR/dataconnect": could not find dataconnect.yaml in `/Users/mohamedsalah/Downloads/Gamal Tech Laptop/GemyTech-Website-AR/dataconnect`
 {"metadata":{"emulator":{"name":"dataconnect"},"message":"E0228 15:09:09.762291   48832 watch.go:40] Failed to load config from \"/Users/mohamedsalah/Downloads/Gamal Tech Laptop/GemyTech-Website-AR/dataconnect\": could not find dataconnect.yaml in `/Users/mohamedsalah/Downloads/Gamal Tech Laptop/GemyTech-Website-AR/dataconnect`\n"}}
[debug] [2026-02-28T13:09:19.763Z] E0228 15:09:19.761955   48832 watch.go:40] Failed to load config from "/Users/mohamedsalah/Downloads/Gamal Tech Laptop/GemyTech-Website-AR/dataconnect": could not find dataconnect.yaml in `/Users/mohamedsalah/Downloads/Gamal Tech Laptop/GemyTech-Website-AR/dataconnect`
 {"metadata":{"emulator":{"name":"dataconnect"},"message":"E0228 15:09:19.761955   48832 watch.go:40] Failed to load config from \"/Users/mohamedsalah/Downloads/Gamal Tech Laptop/GemyTech-Website-AR/dataconnect\": could not find dataconnect.yaml in `/Users/mohamedsalah/Downloads/Gamal Tech Laptop/GemyTech-Website-AR/dataconnect`\n"}}
[debug] [2026-02-28T13:09:29.762Z] E0228 15:09:29.762004   48832 watch.go:40] Failed to load config from "/Users/mohamedsalah/Downloads/Gamal Tech Laptop/GemyTech-Website-AR/dataconnect": could not find dataconnect.yaml in `/Users/mohamedsalah/Downloads/Gamal Tech Laptop/GemyTech-Website-AR/dataconnect`
 {"metadata":{"emulator":{"name":"dataconnect"},"message":"E0228 15:09:29.762004   48832 watch.go:40] Failed to load config from \"/Users/mohamedsalah/Downloads/Gamal Tech Laptop/GemyTech-Website-AR/dataconnect\": could not find dataconnect.yaml in `/Users/mohamedsalah/Downloads/Gamal Tech Laptop/GemyTech-Website-AR/dataconnect`\n"}}
[debug] [2026-02-28T13:09:39.770Z] E0228 15:09:39.767743   48832 watch.go:40] Failed to load config from "/Users/mohamedsalah/Downloads/Gamal Tech Laptop/GemyTech-Website-AR/dataconnect": could not find dataconnect.yaml in `/Users/mohamedsalah/Downloads/Gamal Tech Laptop/GemyTech-Website-AR/dataconnect`
 {"metadata":{"emulator":{"name":"dataconnect"},"message":"E0228 15:09:39.767743   48832 watch.go:40] Failed to load config from \"/Users/mohamedsalah/Downloads/Gamal Tech Laptop/GemyTech-Website-AR/dataconnect\": could not find dataconnect.yaml in `/Users/mohamedsalah/Downloads/Gamal Tech Laptop/GemyTech-Website-AR/dataconnect`\n"}}
[debug] [2026-02-28T13:09:39.772Z] E0228 15:09:39.767656   48832 watch.go:116] watchAllDir unable to walk dir `/Users/mohamedsalah/Downloads/Gamal Tech Laptop/GemyTech-Website-AR/dataconnect`: lstat /Users/mohamedsalah/Downloads/Gamal Tech Laptop/GemyTech-Website-AR/dataconnect: no such file or directory
 {"metadata":{"emulator":{"name":"dataconnect"},"message":"E0228 15:09:39.767656   48832 watch.go:116] watchAllDir unable to walk dir `/Users/mohamedsalah/Downloads/Gamal Tech Laptop/GemyTech-Website-AR/dataconnect`: lstat /Users/mohamedsalah/Downloads/Gamal Tech Laptop/GemyTech-Website-AR/dataconnect: no such file or directory\n"}}
[debug] [2026-02-28T13:09:49.762Z] E0228 15:09:49.761618   48832 watch.go:40] Failed to load config from "/Users/mohamedsalah/Downloads/Gamal Tech Laptop/GemyTech-Website-AR/dataconnect": could not find dataconnect.yaml in `/Users/mohamedsalah/Downloads/Gamal Tech Laptop/GemyTech-Website-AR/dataconnect`
 {"metadata":{"emulator":{"name":"dataconnect"},"message":"E0228 15:09:49.761618   48832 watch.go:40] Failed to load config from \"/Users/mohamedsalah/Downloads/Gamal Tech Laptop/GemyTech-Website-AR/dataconnect\": could not find dataconnect.yaml in `/Users/mohamedsalah/Downloads/Gamal Tech Laptop/GemyTech-Website-AR/dataconnect`\n"}}
[debug] [2026-02-28T13:09:59.761Z] E0228 15:09:59.760514   48832 watch.go:40] Failed to load config from "/Users/mohamedsalah/Downloads/Gamal Tech Laptop/GemyTech-Website-AR/dataconnect": could not find dataconnect.yaml in `/Users/mohamedsalah/Downloads/Gamal Tech Laptop/GemyTech-Website-AR/dataconnect`
 {"metadata":{"emulator":{"name":"dataconnect"},"message":"E0228 15:09:59.760514   48832 watch.go:40] Failed to load config from \"/Users/mohamedsalah/Downloads/Gamal Tech Laptop/GemyTech-Website-AR/dataconnect\": could not find dataconnect.yaml in `/Users/mohamedsalah/Downloads/Gamal Tech Laptop/GemyTech-Website-AR/dataconnect`\n"}}
[debug] [2026-02-28T13:10:09.763Z] E0228 15:10:09.760395   48832 watch.go:40] Failed to load config from "/Users/mohamedsalah/Downloads/Gamal Tech Laptop/GemyTech-Website-AR/dataconnect": could not find dataconnect.yaml in `/Users/mohamedsalah/Downloads/Gamal Tech Laptop/GemyTech-Website-AR/dataconnect`
 {"metadata":{"emulator":{"name":"dataconnect"},"message":"E0228 15:10:09.760395   48832 watch.go:40] Failed to load config from \"/Users/mohamedsalah/Downloads/Gamal Tech Laptop/GemyTech-Website-AR/dataconnect\": could not find dataconnect.yaml in `/Users/mohamedsalah/Downloads/Gamal Tech Laptop/GemyTech-Website-AR/dataconnect`\n"}}
[debug] [2026-02-28T13:10:19.760Z] E0228 15:10:19.760200   48832 watch.go:40] Failed to load config from "/Users/mohamedsalah/Downloads/Gamal Tech Laptop/GemyTech-Website-AR/dataconnect": could not find dataconnect.yaml in `/Users/mohamedsalah/Downloads/Gamal Tech Laptop/GemyTech-Website-AR/dataconnect`
 {"metadata":{"emulator":{"name":"dataconnect"},"message":"E0228 15:10:19.760200   48832 watch.go:40] Failed to load config from \"/Users/mohamedsalah/Downloads/Gamal Tech Laptop/GemyTech-Website-AR/dataconnect\": could not find dataconnect.yaml in `/Users/mohamedsalah/Downloads/Gamal Tech Laptop/GemyTech-Website-AR/dataconnect`\n"}}
[debug] [2026-02-28T13:10:29.760Z] E0228 15:10:29.759274   48832 watch.go:40] Failed to load config from "/Users/mohamedsalah/Downloads/Gamal Tech Laptop/GemyTech-Website-AR/dataconnect": could not find dataconnect.yaml in `/Users/mohamedsalah/Downloads/Gamal Tech Laptop/GemyTech-Website-AR/dataconnect`
 {"metadata":{"emulator":{"name":"dataconnect"},"message":"E0228 15:10:29.759274   48832 watch.go:40] Failed to load config from \"/Users/mohamedsalah/Downloads/Gamal Tech Laptop/GemyTech-Website-AR/dataconnect\": could not find dataconnect.yaml in `/Users/mohamedsalah/Downloads/Gamal Tech Laptop/GemyTech-Website-AR/dataconnect`\n"}}
[debug] [2026-02-28T13:10:39.758Z] E0228 15:10:39.758295   48832 watch.go:40] Failed to load config from "/Users/mohamedsalah/Downloads/Gamal Tech Laptop/GemyTech-Website-AR/dataconnect": could not find dataconnect.yaml in `/Users/mohamedsalah/Downloads/Gamal Tech Laptop/GemyTech-Website-AR/dataconnect`
 {"metadata":{"emulator":{"name":"dataconnect"},"message":"E0228 15:10:39.758295   48832 watch.go:40] Failed to load config from \"/Users/mohamedsalah/Downloads/Gamal Tech Laptop/GemyTech-Website-AR/dataconnect\": could not find dataconnect.yaml in `/Users/mohamedsalah/Downloads/Gamal Tech Laptop/GemyTech-Website-AR/dataconnect`\n"}}
[debug] [2026-02-28T13:10:39.760Z] E0228 15:10:39.758160   48832 watch.go:116] watchAllDir unable to walk dir `/Users/mohamedsalah/Downloads/Gamal Tech Laptop/GemyTech-Website-AR/dataconnect`: lstat /Users/mohamedsalah/Downloads/Gamal Tech Laptop/GemyTech-Website-AR/dataconnect: no such file or directory
 {"metadata":{"emulator":{"name":"dataconnect"},"message":"E0228 15:10:39.758160   48832 watch.go:116] watchAllDir unable to walk dir `/Users/mohamedsalah/Downloads/Gamal Tech Laptop/GemyTech-Website-AR/dataconnect`: lstat /Users/mohamedsalah/Downloads/Gamal Tech Laptop/GemyTech-Website-AR/dataconnect: no such file or directory\n"}}
[debug] [2026-02-28T13:10:49.760Z] E0228 15:10:49.758975   48832 watch.go:40] Failed to load config from "/Users/mohamedsalah/Downloads/Gamal Tech Laptop/GemyTech-Website-AR/dataconnect": could not find dataconnect.yaml in `/Users/mohamedsalah/Downloads/Gamal Tech Laptop/GemyTech-Website-AR/dataconnect`
 {"metadata":{"emulator":{"name":"dataconnect"},"message":"E0228 15:10:49.758975   48832 watch.go:40] Failed to load config from \"/Users/mohamedsalah/Downloads/Gamal Tech Laptop/GemyTech-Website-AR/dataconnect\": could not find dataconnect.yaml in `/Users/mohamedsalah/Downloads/Gamal Tech Laptop/GemyTech-Website-AR/dataconnect`\n"}}
[debug] [2026-02-28T13:10:59.758Z] E0228 15:10:59.758024   48832 watch.go:40] Failed to load config from "/Users/mohamedsalah/Downloads/Gamal Tech Laptop/GemyTech-Website-AR/dataconnect": could not find dataconnect.yaml in `/Users/mohamedsalah/Downloads/Gamal Tech Laptop/GemyTech-Website-AR/dataconnect`
 {"metadata":{"emulator":{"name":"dataconnect"},"message":"E0228 15:10:59.758024   48832 watch.go:40] Failed to load config from \"/Users/mohamedsalah/Downloads/Gamal Tech Laptop/GemyTech-Website-AR/dataconnect\": could not find dataconnect.yaml in `/Users/mohamedsalah/Downloads/Gamal Tech Laptop/GemyTech-Website-AR/dataconnect`\n"}}
[info] [Firebase Plugin] Stopping Data Connect toolkit
